2023-11-17 12:39:35,461 INFO :: This message just shows basic information
2023-11-17 12:39:35,461 WARNING :: This message is about something you should pay attention to
2023-11-17 12:39:35,461 ERROR :: This message helps to debug an error that occured in your program
2023-11-17 12:41:56,807 INFO :: This message just shows basic information
2023-11-17 12:41:56,807 WARNING :: This message is about something you should pay attention to
2023-11-17 12:41:56,807 ERROR :: This message helps to debug an error that occured in your program
2023-11-17 12:41:56,807 INFO :: Hello from the Binance connector
2023-11-17 12:44:36,031 INFO :: This is logged in all cases
2023-11-25 16:15:09,036 INFO :: Binance Future Client Successfully initialized
2023-11-25 16:15:27,449 INFO :: Binance Future Client Successfully initialized
2023-11-25 16:15:53,158 INFO :: Binance Future Client Successfully initialized
2023-11-25 16:16:29,026 INFO :: Binance Future Client Successfully initialized
2023-12-07 13:58:13,285 INFO :: Binance Future Client Successfully initialized
2024-01-21 18:55:36,754 ERROR :: Error while making GET request to /fapi/v1/account: {'code': -2014, 'msg': 'API-key format invalid.'} (error code 401)
2024-01-21 18:55:36,756 INFO :: Binance Futures Client successfully initialized
2024-01-21 18:55:37,524 ERROR :: Error while making GET request to /api/v1/instrument/active: {'error': {'message': 'Missing authorization headers: api-key', 'name': 'HTTPError'}} (error code 401)
2024-01-21 18:55:38,324 ERROR :: Error while making GET request to /api/v1/user/margin: {'error': {'message': 'Missing authorization headers: api-key', 'name': 'HTTPError'}} (error code 401)
2024-01-21 18:55:38,326 INFO :: Bitmex Client successfully initialized
2024-01-21 18:57:21,279 ERROR :: Error while making GET request to /fapi/v1/account: {'code': -2014, 'msg': 'API-key format invalid.'} (error code 401)
2024-01-21 18:57:21,282 INFO :: Binance Futures Client successfully initialized
2024-01-21 18:57:23,083 ERROR :: Error while making GET request to /api/v1/instrument/active: {'error': {'message': 'Missing authorization headers: api-key', 'name': 'HTTPError'}} (error code 401)
2024-01-21 18:57:23,467 ERROR :: Error while making GET request to /api/v1/user/margin: {'error': {'message': 'Missing authorization headers: api-key', 'name': 'HTTPError'}} (error code 401)
2024-01-21 18:57:23,468 INFO :: Bitmex Client successfully initialized
2024-01-21 18:58:09,648 ERROR :: Error while making GET request to /fapi/v1/account: {'code': -2014, 'msg': 'API-key format invalid.'} (error code 401)
2024-01-21 18:58:09,651 INFO :: Binance Futures Client successfully initialized
2024-01-21 18:58:10,034 ERROR :: Error while making GET request to /api/v1/instrument/active: {'error': {'message': 'Missing authorization headers: api-key', 'name': 'HTTPError'}} (error code 401)
2024-01-21 18:58:10,358 ERROR :: Error while making GET request to /api/v1/user/margin: {'error': {'message': 'Missing authorization headers: api-key', 'name': 'HTTPError'}} (error code 401)
2024-01-21 18:58:10,360 INFO :: Bitmex Client successfully initialized
